Sat Jun 23 16:04:52 CEST 2018 : Servidor de red Apache Derby: Se ha iniciado 10.11.1.2 - (1629631) y está listo para aceptar las conexiones en el puerto 1527
----------------------------------------------------------------
Sat Jun 23 16:04:52 CEST 2018:
 Iniciando instancia a816c00e-0164-2cf6-3bfc-ffff8cca1763 de Derby, versión The Apache Software Foundation - Apache Derby - 10.11.1.2 - (1629631): 
en el directorio de base de datos C:\Users\victo\Desktop\PracticaDesing\PracticaDesing\app\db\invernadero con el cargador de clases sun.misc.Launcher$AppClassLoader@144bcfa
Cargado desde file:/C:/Program%20Files%20(x86)/Java/jdk1.8.0_171/db/lib/derby.jar
java.vendor=Oracle Corporation
java.runtime.version=1.8.0_171-b11
user.dir=C:\Program Files (x86)\Java\jdk1.8.0_171\db
os.name=Windows 10
os.arch=x86
os.version=10.0
derby.system.home=C:\Users\victo\Desktop\PracticaDesing\PracticaDesing\app\db
Cargador de clases de base de datos iniciado - derby.database.classpath=''
----------------------------------------------------------------
Sat Jun 23 16:17:56 CEST 2018: cerrando motor de Derby
----------------------------------------------------------------
Sat Jun 23 16:17:56 CEST 2018:
Cerrando la instancia a816c00e-0164-2cf6-3bfc-ffff8cca1763 en el directorio de base de datos C:\Users\victo\Desktop\PracticaDesing\PracticaDesing\app\db\invernadero con cargador de clases sun.misc.Launcher$AppClassLoader@144bcfa
----------------------------------------------------------------
